Entering /test-db
DB initialized successfully
Verifying token: dummy_toke...
Verifying token: dummy_toke...
Verifying token: dummy_toke...
Token verification failed: Wrong number of segments in token: b'dummy_token'
Verifying token: eyJhbGciOi...
Token verified
Verifying token: eyJhbGciOi...
Token verified
Verifying token: eyJhbGciOi...
Token verified
Verifying token: eyJhbGciOi...
Token verified
Verifying token: eyJhbGciOi...
Token verified
Verifying token: eyJhbGciOi...
Token verified
Verifying token: eyJhbGciOi...
Token verified
Verifying token: eyJhbGciOi...
Token verified
Verifying token: eyJhbGciOi...
Token verified
Verifying token: eyJhbGciOi...
Token verified
Verifying token: eyJhbGciOi...
Token verified
Verifying token: eyJhbGciOi...
Token verified
Verifying token: eyJhbGciOi...
Token verified
Verifying token: eyJhbGciOi...
Token verified
Verifying token: eyJhbGciOi...
Token verified
Verifying token: eyJhbGciOi...
Token verified
Verifying token: eyJhbGciOi...
Token verified
Verifying token: eyJhbGciOi...
Token verified
Verifying token: eyJhbGciOi...
Token verified
Verifying token: eyJhbGciOi...
Token verified
Verifying token: eyJhbGciOi...
Token verified
Verifying token: eyJhbGciOi...
Token verified
Verifying token: eyJhbGciOi...
Token verified
Verifying token: eyJhbGciOi...
Token verified
Verifying token: eyJhbGciOi...
Token verified
Verifying token: eyJhbGciOi...
Token verified
Verifying token: eyJhbGciOi...
Token verified
Verifying token: eyJhbGciOi...
Token verified
Verifying token: eyJhbGciOi...
Token verified
Verifying token: eyJhbGciOi...
Token verified
Verifying token: eyJhbGciOi...
Token verified
Verifying token: eyJhbGciOi...
Token verified
Verifying token: eyJhbGciOi...
Token verified
Verifying token: eyJhbGciOi...
Token verified
Verifying token: eyJhbGciOi...
Token verified
Verifying token: eyJhbGciOi...
Token verified
Verifying token: eyJhbGciOi...
Token verified
Verifying token: eyJhbGciOi...
Token verified
Verifying token: eyJhbGciOi...
Token verified
Verifying token: eyJhbGciOi...
Token verified
Verifying token: eyJhbGciOi...
Token verified
Verifying token: eyJhbGciOi...
Token verified
Verifying token: eyJhbGciOi...
Token verified
Verifying token: eyJhbGciOi...
Token verified
Verifying token: eyJhbGciOi...
Token verified
Verifying token: eyJhbGciOi...
Token verified
Verifying token: eyJhbGciOi...
Token verified
Verifying token: eyJhbGciOi...
Token verified
Verifying token: eyJhbGciOi...
Token verified
Verifying token: eyJhbGciOi...
Token verified
Verifying token: eyJhbGciOi...
Token verified
Verifying token: eyJhbGciOi...
Token verified
Verifying token: eyJhbGciOi...
Verifying token: eyJhbGciOi...
Token verified
Token verified
Verifying token: eyJhbGciOi...
Token verified
Verifying token: eyJhbGciOi...
Token verified
Verifying token: eyJhbGciOi...
Token verified
Verifying token: eyJhbGciOi...
Token verified
Verifying token: eyJhbGciOi...
Token verified
Verifying token: eyJhbGciOi...
Token verified
Verifying token: eyJhbGciOi...
Token verified
Verifying token: eyJhbGciOi...
Token verified
